{"/server/server.js": {"path":"/server/server.js","statementMap":{"0":{"start":{"line":1,"column":16},"end":{"line":1,"column":34}},"1":{"start":{"line":2,"column":13},"end":{"line":2,"column":28}},"2":{"start":{"line":4,"column":15},"end":{"line":4,"column":24}},"3":{"start":{"line":5,"column":0},"end":{"line":5,"column":19}},"4":{"start":{"line":6,"column":0},"end":{"line":6,"column":27}},"5":{"start":{"line":8,"column":19},"end":{"line":8,"column":49}},"6":{"start":{"line":9,"column":20},"end":{"line":9,"column":51}},"7":{"start":{"line":10,"column":19},"end":{"line":10,"column":48}},"8":{"start":{"line":11,"column":18},"end":{"line":11,"column":47}},"9":{"start":{"line":13,"column":0},"end":{"line":13,"column":32}},"10":{"start":{"line":14,"column":0},"end":{"line":14,"column":34}},"11":{"start":{"line":15,"column":0},"end":{"line":15,"column":31}},"12":{"start":{"line":16,"column":0},"end":{"line":16,"column":30}},"13":{"start":{"line":18,"column":0},"end":{"line":18,"column":65}},"14":{"start":{"line":18,"column":30},"end":{"line":18,"column":64}},"15":{"start":{"line":20,"column":0},"end":{"line":20,"column":23}}},"fnMap":{"0":{"name":"(anonymous_0)","decl":{"start":{"line":18,"column":16},"end":{"line":18,"column":17}},"loc":{"start":{"line":18,"column":30},"end":{"line":18,"column":64}},"line":18}},"branchMap":{},"s":{"0":6,"1":6,"2":6,"3":6,"4":6,"5":6,"6":6,"7":6,"8":6,"9":6,"10":6,"11":6,"12":6,"13":6,"14":0,"15":6},"f":{"0":0},"b":{},"_coverageSchema":"1a1c01bbd47fc00a2c39e90264f33305004495a9","hash":"831312e9c58d2fa6c2efa9d03e9e0afb51032699"}
,"/server/controllers/auth.js": {"path":"/server/controllers/auth.js","statementMap":{"0":{"start":{"line":1,"column":0},"end":{"line":1,"column":27}},"1":{"start":{"line":3,"column":16},"end":{"line":3,"column":34}},"2":{"start":{"line":4,"column":15},"end":{"line":4,"column":31}},"3":{"start":{"line":6,"column":15},"end":{"line":6,"column":34}},"4":{"start":{"line":7,"column":12},"end":{"line":7,"column":35}},"5":{"start":{"line":9,"column":13},"end":{"line":9,"column":38}},"6":{"start":{"line":11,"column":0},"end":{"line":20,"column":2}},"7":{"start":{"line":12,"column":4},"end":{"line":19,"column":5}},"8":{"start":{"line":13,"column":21},"end":{"line":13,"column":43}},"9":{"start":{"line":14,"column":23},"end":{"line":14,"column":65}},"10":{"start":{"line":15,"column":8},"end":{"line":15,"column":58}},"11":{"start":{"line":16,"column":8},"end":{"line":16,"column":51}},"12":{"start":{"line":18,"column":8},"end":{"line":18,"column":36}},"13":{"start":{"line":22,"column":0},"end":{"line":44,"column":2}},"14":{"start":{"line":23,"column":4},"end":{"line":43,"column":5}},"15":{"start":{"line":24,"column":21},"end":{"line":24,"column":65}},"16":{"start":{"line":25,"column":8},"end":{"line":25,"column":66}},"17":{"start":{"line":25,"column":19},"end":{"line":25,"column":64}},"18":{"start":{"line":26,"column":23},"end":{"line":26,"column":77}},"19":{"start":{"line":27,"column":8},"end":{"line":39,"column":9}},"20":{"start":{"line":28,"column":28},"end":{"line":28,"column":67}},"21":{"start":{"line":29,"column":30},"end":{"line":35,"column":13}},"22":{"start":{"line":30,"column":16},"end":{"line":30,"column":71}},"23":{"start":{"line":30,"column":25},"end":{"line":30,"column":69}},"24":{"start":{"line":31,"column":16},"end":{"line":34,"column":19}},"25":{"start":{"line":36,"column":12},"end":{"line":36,"column":82}},"26":{"start":{"line":38,"column":12},"end":{"line":38,"column":62}},"27":{"start":{"line":41,"column":8},"end":{"line":41,"column":25}},"28":{"start":{"line":42,"column":8},"end":{"line":42,"column":38}},"29":{"start":{"line":46,"column":0},"end":{"line":46,"column":23}}},"fnMap":{"0":{"name":"(anonymous_0)","decl":{"start":{"line":11,"column":25},"end":{"line":11,"column":26}},"loc":{"start":{"line":11,"column":45},"end":{"line":20,"column":1}},"line":11},"1":{"name":"(anonymous_1)","decl":{"start":{"line":22,"column":22},"end":{"line":22,"column":23}},"loc":{"start":{"line":22,"column":42},"end":{"line":44,"column":1}},"line":22},"2":{"name":"(anonymous_2)","decl":{"start":{"line":29,"column":30},"end":{"line":29,"column":31}},"loc":{"start":{"line":29,"column":46},"end":{"line":35,"column":13}},"line":29}},"branchMap":{"0":{"loc":{"start":{"line":25,"column":8},"end":{"line":25,"column":66}},"type":"if","locations":[{"start":{"line":25,"column":8},"end":{"line":25,"column":66}},{"start":{},"end":{}}],"line":25},"1":{"loc":{"start":{"line":27,"column":8},"end":{"line":39,"column":9}},"type":"if","locations":[{"start":{"line":27,"column":8},"end":{"line":39,"column":9}},{"start":{"line":37,"column":15},"end":{"line":39,"column":9}}],"line":27},"2":{"loc":{"start":{"line":30,"column":16},"end":{"line":30,"column":71}},"type":"if","locations":[{"start":{"line":30,"column":16},"end":{"line":30,"column":71}},{"start":{},"end":{}}],"line":30}},"s":{"0":6,"1":6,"2":6,"3":6,"4":6,"5":6,"6":6,"7":0,"8":0,"9":0,"10":0,"11":0,"12":0,"13":6,"14":0,"15":0,"16":0,"17":0,"18":0,"19":0,"20":0,"21":0,"22":0,"23":0,"24":0,"25":0,"26":0,"27":0,"28":0,"29":6},"f":{"0":0,"1":0,"2":0},"b":{"0":[0,0],"1":[0,0],"2":[0,0]},"_coverageSchema":"1a1c01bbd47fc00a2c39e90264f33305004495a9","hash":"94977deaf6675b445250d34bb13131ca2d72caf1"}
,"/server/controllers/habits.js": {"path":"/server/controllers/habits.js","statementMap":{"0":{"start":{"line":1,"column":16},"end":{"line":1,"column":34}},"1":{"start":{"line":2,"column":15},"end":{"line":2,"column":31}},"2":{"start":{"line":4,"column":24},"end":{"line":4,"column":53}},"3":{"start":{"line":7,"column":14},"end":{"line":7,"column":40}},"4":{"start":{"line":10,"column":0},"end":{"line":17,"column":3}},"5":{"start":{"line":11,"column":2},"end":{"line":16,"column":3}},"6":{"start":{"line":12,"column":19},"end":{"line":12,"column":34}},"7":{"start":{"line":13,"column":4},"end":{"line":13,"column":33}},"8":{"start":{"line":15,"column":4},"end":{"line":15,"column":34}},"9":{"start":{"line":20,"column":0},"end":{"line":27,"column":3}},"10":{"start":{"line":21,"column":2},"end":{"line":26,"column":3}},"11":{"start":{"line":22,"column":18},"end":{"line":22,"column":53}},"12":{"start":{"line":23,"column":4},"end":{"line":23,"column":32}},"13":{"start":{"line":25,"column":4},"end":{"line":25,"column":34}},"14":{"start":{"line":31,"column":0},"end":{"line":38,"column":3}},"15":{"start":{"line":32,"column":2},"end":{"line":37,"column":3}},"16":{"start":{"line":33,"column":19},"end":{"line":33,"column":60}},"17":{"start":{"line":34,"column":4},"end":{"line":34,"column":33}},"18":{"start":{"line":36,"column":4},"end":{"line":36,"column":34}},"19":{"start":{"line":41,"column":0},"end":{"line":48,"column":3}},"20":{"start":{"line":42,"column":2},"end":{"line":47,"column":3}},"21":{"start":{"line":43,"column":18},"end":{"line":43,"column":46}},"22":{"start":{"line":44,"column":4},"end":{"line":44,"column":32}},"23":{"start":{"line":46,"column":4},"end":{"line":46,"column":34}},"24":{"start":{"line":52,"column":0},"end":{"line":60,"column":3}},"25":{"start":{"line":53,"column":2},"end":{"line":59,"column":3}},"26":{"start":{"line":54,"column":18},"end":{"line":54,"column":53}},"27":{"start":{"line":55,"column":19},"end":{"line":55,"column":37}},"28":{"start":{"line":56,"column":4},"end":{"line":56,"column":45}},"29":{"start":{"line":58,"column":4},"end":{"line":58,"column":34}},"30":{"start":{"line":62,"column":0},"end":{"line":69,"column":3}},"31":{"start":{"line":63,"column":2},"end":{"line":68,"column":3}},"32":{"start":{"line":64,"column":18},"end":{"line":64,"column":46}},"33":{"start":{"line":65,"column":4},"end":{"line":65,"column":32}},"34":{"start":{"line":67,"column":4},"end":{"line":67,"column":34}},"35":{"start":{"line":71,"column":0},"end":{"line":79,"column":2}},"36":{"start":{"line":72,"column":4},"end":{"line":78,"column":5}},"37":{"start":{"line":73,"column":22},"end":{"line":73,"column":57}},"38":{"start":{"line":74,"column":27},"end":{"line":74,"column":49}},"39":{"start":{"line":75,"column":8},"end":{"line":75,"column":48}},"40":{"start":{"line":77,"column":8},"end":{"line":77,"column":35}},"41":{"start":{"line":81,"column":0},"end":{"line":90,"column":2}},"42":{"start":{"line":82,"column":4},"end":{"line":89,"column":5}},"43":{"start":{"line":83,"column":22},"end":{"line":83,"column":57}},"44":{"start":{"line":84,"column":8},"end":{"line":84,"column":26}},"45":{"start":{"line":85,"column":8},"end":{"line":85,"column":29}},"46":{"start":{"line":86,"column":8},"end":{"line":86,"column":29}},"47":{"start":{"line":88,"column":8},"end":{"line":88,"column":35}},"48":{"start":{"line":92,"column":0},"end":{"line":92,"column":23}}},"fnMap":{"0":{"name":"(anonymous_0)","decl":{"start":{"line":10,"column":29},"end":{"line":10,"column":30}},"loc":{"start":{"line":10,"column":49},"end":{"line":17,"column":1}},"line":10},"1":{"name":"(anonymous_1)","decl":{"start":{"line":20,"column":32},"end":{"line":20,"column":33}},"loc":{"start":{"line":20,"column":52},"end":{"line":27,"column":1}},"line":20},"2":{"name":"(anonymous_2)","decl":{"start":{"line":31,"column":41},"end":{"line":31,"column":42}},"loc":{"start":{"line":31,"column":61},"end":{"line":38,"column":1}},"line":31},"3":{"name":"(anonymous_3)","decl":{"start":{"line":41,"column":30},"end":{"line":41,"column":31}},"loc":{"start":{"line":41,"column":50},"end":{"line":48,"column":1}},"line":41},"4":{"name":"(anonymous_4)","decl":{"start":{"line":52,"column":39},"end":{"line":52,"column":40}},"loc":{"start":{"line":52,"column":59},"end":{"line":60,"column":1}},"line":52},"5":{"name":"(anonymous_5)","decl":{"start":{"line":62,"column":31},"end":{"line":62,"column":32}},"loc":{"start":{"line":62,"column":51},"end":{"line":69,"column":1}},"line":62},"6":{"name":"(anonymous_6)","decl":{"start":{"line":71,"column":39},"end":{"line":71,"column":40}},"loc":{"start":{"line":71,"column":59},"end":{"line":79,"column":1}},"line":71},"7":{"name":"(anonymous_7)","decl":{"start":{"line":81,"column":35},"end":{"line":81,"column":36}},"loc":{"start":{"line":81,"column":55},"end":{"line":90,"column":1}},"line":81}},"branchMap":{},"s":{"0":6,"1":6,"2":6,"3":6,"4":6,"5":2,"6":2,"7":2,"8":0,"9":6,"10":2,"11":2,"12":1,"13":1,"14":6,"15":1,"16":1,"17":1,"18":0,"19":6,"20":1,"21":1,"22":1,"23":0,"24":6,"25":1,"26":1,"27":1,"28":1,"29":0,"30":6,"31":1,"32":1,"33":1,"34":0,"35":6,"36":1,"37":1,"38":1,"39":1,"40":0,"41":6,"42":1,"43":1,"44":1,"45":1,"46":1,"47":0,"48":6},"f":{"0":2,"1":2,"2":1,"3":1,"4":1,"5":1,"6":1,"7":1},"b":{},"_coverageSchema":"1a1c01bbd47fc00a2c39e90264f33305004495a9","hash":"f877796096f03b4118bd1abd80620521852752c2"}
,"/server/controllers/logs.js": {"path":"/server/controllers/logs.js","statementMap":{"0":{"start":{"line":1,"column":16},"end":{"line":1,"column":34}},"1":{"start":{"line":2,"column":15},"end":{"line":2,"column":31}},"2":{"start":{"line":4,"column":24},"end":{"line":4,"column":53}},"3":{"start":{"line":6,"column":12},"end":{"line":6,"column":36}},"4":{"start":{"line":9,"column":0},"end":{"line":16,"column":2}},"5":{"start":{"line":10,"column":4},"end":{"line":15,"column":5}},"6":{"start":{"line":11,"column":21},"end":{"line":11,"column":34}},"7":{"start":{"line":12,"column":8},"end":{"line":12,"column":34}},"8":{"start":{"line":14,"column":8},"end":{"line":14,"column":35}},"9":{"start":{"line":19,"column":0},"end":{"line":26,"column":2}},"10":{"start":{"line":20,"column":4},"end":{"line":25,"column":5}},"11":{"start":{"line":21,"column":20},"end":{"line":21,"column":46}},"12":{"start":{"line":22,"column":8},"end":{"line":22,"column":33}},"13":{"start":{"line":24,"column":8},"end":{"line":24,"column":35}},"14":{"start":{"line":29,"column":0},"end":{"line":37,"column":2}},"15":{"start":{"line":30,"column":4},"end":{"line":36,"column":5}},"16":{"start":{"line":31,"column":20},"end":{"line":31,"column":53}},"17":{"start":{"line":32,"column":8},"end":{"line":32,"column":27}},"18":{"start":{"line":33,"column":8},"end":{"line":33,"column":29}},"19":{"start":{"line":35,"column":8},"end":{"line":35,"column":35}},"20":{"start":{"line":39,"column":0},"end":{"line":39,"column":23}}},"fnMap":{"0":{"name":"(anonymous_0)","decl":{"start":{"line":9,"column":29},"end":{"line":9,"column":30}},"loc":{"start":{"line":9,"column":49},"end":{"line":16,"column":1}},"line":9},"1":{"name":"(anonymous_1)","decl":{"start":{"line":19,"column":30},"end":{"line":19,"column":31}},"loc":{"start":{"line":19,"column":50},"end":{"line":26,"column":1}},"line":19},"2":{"name":"(anonymous_2)","decl":{"start":{"line":29,"column":35},"end":{"line":29,"column":36}},"loc":{"start":{"line":29,"column":55},"end":{"line":37,"column":1}},"line":29}},"branchMap":{},"s":{"0":6,"1":6,"2":6,"3":6,"4":6,"5":3,"6":3,"7":3,"8":0,"9":6,"10":1,"11":1,"12":1,"13":0,"14":6,"15":1,"16":1,"17":1,"18":1,"19":0,"20":6},"f":{"0":3,"1":1,"2":1},"b":{},"_coverageSchema":"1a1c01bbd47fc00a2c39e90264f33305004495a9","hash":"7176db9b57b2d554831a56fb629d87b618dfa659"}
,"/server/controllers/users.js": {"path":"/server/controllers/users.js","statementMap":{"0":{"start":{"line":1,"column":16},"end":{"line":1,"column":34}},"1":{"start":{"line":2,"column":15},"end":{"line":2,"column":31}},"2":{"start":{"line":4,"column":24},"end":{"line":4,"column":53}},"3":{"start":{"line":6,"column":13},"end":{"line":6,"column":38}},"4":{"start":{"line":9,"column":0},"end":{"line":16,"column":2}},"5":{"start":{"line":10,"column":4},"end":{"line":15,"column":5}},"6":{"start":{"line":11,"column":22},"end":{"line":11,"column":36}},"7":{"start":{"line":12,"column":8},"end":{"line":12,"column":35}},"8":{"start":{"line":14,"column":8},"end":{"line":14,"column":35}},"9":{"start":{"line":18,"column":0},"end":{"line":18,"column":23}}},"fnMap":{"0":{"name":"(anonymous_0)","decl":{"start":{"line":9,"column":29},"end":{"line":9,"column":30}},"loc":{"start":{"line":9,"column":49},"end":{"line":16,"column":1}},"line":9}},"branchMap":{},"s":{"0":6,"1":6,"2":6,"3":6,"4":6,"5":1,"6":1,"7":1,"8":0,"9":6},"f":{"0":1},"b":{},"_coverageSchema":"1a1c01bbd47fc00a2c39e90264f33305004495a9","hash":"9b7fc1f2a745417a81cbdf083af74311aa605045"}
,"/server/db_config/init.js": {"path":"/server/db_config/init.js","statementMap":{"0":{"start":{"line":1,"column":17},"end":{"line":1,"column":30}},"1":{"start":{"line":3,"column":13},"end":{"line":3,"column":23}},"2":{"start":{"line":5,"column":0},"end":{"line":5,"column":22}}},"fnMap":{},"branchMap":{},"s":{"0":6,"1":6,"2":6},"f":{},"b":{},"_coverageSchema":"1a1c01bbd47fc00a2c39e90264f33305004495a9","hash":"563dae6cc4e619f30953f8b317f25735d0f5e2fd"}
,"/server/middleware/auth.js": {"path":"/server/middleware/auth.js","statementMap":{"0":{"start":{"line":1,"column":12},"end":{"line":1,"column":35}},"1":{"start":{"line":19,"column":4},"end":{"line":19,"column":11}},"2":{"start":{"line":21,"column":0},"end":{"line":23,"column":1}}},"fnMap":{"0":{"name":"verifyToken","decl":{"start":{"line":4,"column":9},"end":{"line":4,"column":20}},"loc":{"start":{"line":4,"column":36},"end":{"line":20,"column":1}},"line":4}},"branchMap":{},"s":{"0":6,"1":16,"2":6},"f":{"0":16},"b":{},"_coverageSchema":"1a1c01bbd47fc00a2c39e90264f33305004495a9","hash":"ccec86a62ae5962f56f776461f30433aa69ea9d5"}
,"/server/models/Habit.js": {"path":"/server/models/Habit.js","statementMap":{"0":{"start":{"line":1,"column":11},"end":{"line":1,"column":39}},"1":{"start":{"line":2,"column":12},"end":{"line":2,"column":28}},"2":{"start":{"line":6,"column":4},"end":{"line":6,"column":22}},"3":{"start":{"line":7,"column":4},"end":{"line":7,"column":26}},"4":{"start":{"line":8,"column":4},"end":{"line":8,"column":36}},"5":{"start":{"line":9,"column":4},"end":{"line":9,"column":31}},"6":{"start":{"line":13,"column":4},"end":{"line":21,"column":7}},"7":{"start":{"line":14,"column":6},"end":{"line":20,"column":7}},"8":{"start":{"line":15,"column":21},"end":{"line":15,"column":60}},"9":{"start":{"line":16,"column":21},"end":{"line":16,"column":57}},"10":{"start":{"line":16,"column":44},"end":{"line":16,"column":56}},"11":{"start":{"line":17,"column":8},"end":{"line":17,"column":20}},"12":{"start":{"line":19,"column":8},"end":{"line":19,"column":47}},"13":{"start":{"line":25,"column":4},"end":{"line":36,"column":7}},"14":{"start":{"line":26,"column":6},"end":{"line":35,"column":7}},"15":{"start":{"line":27,"column":21},"end":{"line":30,"column":9}},"16":{"start":{"line":31,"column":20},"end":{"line":31,"column":45}},"17":{"start":{"line":32,"column":8},"end":{"line":32,"column":19}},"18":{"start":{"line":34,"column":8},"end":{"line":34,"column":44}},"19":{"start":{"line":40,"column":4},"end":{"line":51,"column":7}},"20":{"start":{"line":41,"column":6},"end":{"line":50,"column":7}},"21":{"start":{"line":42,"column":23},"end":{"line":45,"column":9}},"22":{"start":{"line":46,"column":21},"end":{"line":46,"column":57}},"23":{"start":{"line":46,"column":44},"end":{"line":46,"column":56}},"24":{"start":{"line":47,"column":8},"end":{"line":47,"column":20}},"25":{"start":{"line":49,"column":8},"end":{"line":49,"column":47}},"26":{"start":{"line":55,"column":4},"end":{"line":65,"column":7}},"27":{"start":{"line":56,"column":6},"end":{"line":64,"column":7}},"28":{"start":{"line":57,"column":21},"end":{"line":59,"column":10}},"29":{"start":{"line":60,"column":20},"end":{"line":60,"column":45}},"30":{"start":{"line":61,"column":8},"end":{"line":61,"column":19}},"31":{"start":{"line":63,"column":8},"end":{"line":63,"column":46}},"32":{"start":{"line":69,"column":4},"end":{"line":81,"column":7}},"33":{"start":{"line":70,"column":6},"end":{"line":80,"column":7}},"34":{"start":{"line":71,"column":23},"end":{"line":74,"column":9}},"35":{"start":{"line":76,"column":21},"end":{"line":76,"column":51}},"36":{"start":{"line":76,"column":44},"end":{"line":76,"column":50}},"37":{"start":{"line":77,"column":8},"end":{"line":77,"column":18}},"38":{"start":{"line":79,"column":8},"end":{"line":79,"column":61}},"39":{"start":{"line":85,"column":4},"end":{"line":97,"column":7}},"40":{"start":{"line":86,"column":6},"end":{"line":96,"column":7}},"41":{"start":{"line":87,"column":26},"end":{"line":90,"column":9}},"42":{"start":{"line":92,"column":23},"end":{"line":92,"column":53}},"43":{"start":{"line":93,"column":8},"end":{"line":93,"column":22}},"44":{"start":{"line":95,"column":8},"end":{"line":95,"column":59}},"45":{"start":{"line":101,"column":4},"end":{"line":172,"column":7}},"46":{"start":{"line":102,"column":6},"end":{"line":171,"column":7}},"47":{"start":{"line":103,"column":21},"end":{"line":103,"column":43}},"48":{"start":{"line":105,"column":26},"end":{"line":105,"column":37}},"49":{"start":{"line":106,"column":24},"end":{"line":106,"column":69}},"50":{"start":{"line":107,"column":8},"end":{"line":107,"column":34}},"51":{"start":{"line":110,"column":8},"end":{"line":168,"column":9}},"52":{"start":{"line":111,"column":10},"end":{"line":111,"column":17}},"53":{"start":{"line":113,"column":33},"end":{"line":113,"column":34}},"54":{"start":{"line":114,"column":10},"end":{"line":120,"column":11}},"55":{"start":{"line":118,"column":12},"end":{"line":118,"column":31}},"56":{"start":{"line":119,"column":12},"end":{"line":119,"column":46}},"57":{"start":{"line":122,"column":42},"end":{"line":122,"column":106}},"58":{"start":{"line":123,"column":10},"end":{"line":127,"column":11}},"59":{"start":{"line":124,"column":14},"end":{"line":124,"column":32}},"60":{"start":{"line":125,"column":14},"end":{"line":125,"column":127}},"61":{"start":{"line":126,"column":14},"end":{"line":126,"column":35}},"62":{"start":{"line":128,"column":39},"end":{"line":128,"column":67}},"63":{"start":{"line":130,"column":12},"end":{"line":130,"column":53}},"64":{"start":{"line":131,"column":24},"end":{"line":131,"column":28}},"65":{"start":{"line":132,"column":10},"end":{"line":132,"column":75}},"66":{"start":{"line":133,"column":10},"end":{"line":150,"column":11}},"67":{"start":{"line":134,"column":28},"end":{"line":134,"column":29}},"68":{"start":{"line":135,"column":12},"end":{"line":142,"column":13}},"69":{"start":{"line":140,"column":14},"end":{"line":140,"column":26}},"70":{"start":{"line":141,"column":14},"end":{"line":141,"column":41}},"71":{"start":{"line":143,"column":12},"end":{"line":143,"column":85}},"72":{"start":{"line":144,"column":12},"end":{"line":148,"column":13}},"73":{"start":{"line":145,"column":16},"end":{"line":145,"column":32}},"74":{"start":{"line":147,"column":16},"end":{"line":147,"column":68}},"75":{"start":{"line":151,"column":23},"end":{"line":153,"column":11}},"76":{"start":{"line":154,"column":37},"end":{"line":154,"column":38}},"77":{"start":{"line":155,"column":10},"end":{"line":162,"column":11}},"78":{"start":{"line":160,"column":12},"end":{"line":160,"column":35}},"79":{"start":{"line":161,"column":12},"end":{"line":161,"column":50}},"80":{"start":{"line":163,"column":10},"end":{"line":165,"column":11}},"81":{"start":{"line":164,"column":12},"end":{"line":164,"column":32}},"82":{"start":{"line":166,"column":10},"end":{"line":166,"column":42}},"83":{"start":{"line":167,"column":10},"end":{"line":167,"column":22}},"84":{"start":{"line":170,"column":8},"end":{"line":170,"column":48}},"85":{"start":{"line":176,"column":4},"end":{"line":189,"column":7}},"86":{"start":{"line":177,"column":6},"end":{"line":188,"column":7}},"87":{"start":{"line":178,"column":24},"end":{"line":178,"column":69}},"88":{"start":{"line":179,"column":24},"end":{"line":179,"column":50}},"89":{"start":{"line":180,"column":23},"end":{"line":183,"column":9}},"90":{"start":{"line":184,"column":21},"end":{"line":184,"column":55}},"91":{"start":{"line":184,"column":44},"end":{"line":184,"column":54}},"92":{"start":{"line":185,"column":8},"end":{"line":185,"column":18}},"93":{"start":{"line":187,"column":8},"end":{"line":187,"column":42}},"94":{"start":{"line":193,"column":4},"end":{"line":201,"column":6}},"95":{"start":{"line":194,"column":8},"end":{"line":200,"column":9}},"96":{"start":{"line":195,"column":12},"end":{"line":195,"column":79}},"97":{"start":{"line":196,"column":12},"end":{"line":196,"column":75}},"98":{"start":{"line":197,"column":12},"end":{"line":197,"column":57}},"99":{"start":{"line":199,"column":12},"end":{"line":199,"column":45}},"100":{"start":{"line":206,"column":20},"end":{"line":206,"column":31}},"101":{"start":{"line":207,"column":33},"end":{"line":207,"column":35}},"102":{"start":{"line":208,"column":20},"end":{"line":208,"column":21}},"103":{"start":{"line":209,"column":17},"end":{"line":209,"column":21}},"104":{"start":{"line":210,"column":4},"end":{"line":227,"column":5}},"105":{"start":{"line":211,"column":24},"end":{"line":211,"column":25}},"106":{"start":{"line":212,"column":8},"end":{"line":220,"column":9}},"107":{"start":{"line":217,"column":12},"end":{"line":217,"column":37}},"108":{"start":{"line":218,"column":12},"end":{"line":218,"column":24}},"109":{"start":{"line":219,"column":12},"end":{"line":219,"column":39}},"110":{"start":{"line":221,"column":8},"end":{"line":221,"column":35}},"111":{"start":{"line":222,"column":8},"end":{"line":226,"column":9}},"112":{"start":{"line":223,"column":12},"end":{"line":223,"column":27}},"113":{"start":{"line":225,"column":12},"end":{"line":225,"column":24}},"114":{"start":{"line":228,"column":4},"end":{"line":228,"column":87}},"115":{"start":{"line":231,"column":0},"end":{"line":231,"column":23}}},"fnMap":{"0":{"name":"(anonymous_0)","decl":{"start":{"line":5,"column":2},"end":{"line":5,"column":3}},"loc":{"start":{"line":5,"column":20},"end":{"line":10,"column":3}},"line":5},"1":{"name":"(anonymous_1)","decl":{"start":{"line":12,"column":2},"end":{"line":12,"column":3}},"loc":{"start":{"line":12,"column":19},"end":{"line":22,"column":3}},"line":12},"2":{"name":"(anonymous_2)","decl":{"start":{"line":13,"column":23},"end":{"line":13,"column":24}},"loc":{"start":{"line":13,"column":43},"end":{"line":21,"column":5}},"line":13},"3":{"name":"(anonymous_3)","decl":{"start":{"line":16,"column":37},"end":{"line":16,"column":38}},"loc":{"start":{"line":16,"column":44},"end":{"line":16,"column":56}},"line":16},"4":{"name":"(anonymous_4)","decl":{"start":{"line":24,"column":2},"end":{"line":24,"column":3}},"loc":{"start":{"line":24,"column":45},"end":{"line":37,"column":3}},"line":24},"5":{"name":"(anonymous_5)","decl":{"start":{"line":25,"column":23},"end":{"line":25,"column":24}},"loc":{"start":{"line":25,"column":43},"end":{"line":36,"column":5}},"line":25},"6":{"name":"(anonymous_6)","decl":{"start":{"line":39,"column":2},"end":{"line":39,"column":3}},"loc":{"start":{"line":39,"column":28},"end":{"line":52,"column":3}},"line":39},"7":{"name":"(anonymous_7)","decl":{"start":{"line":40,"column":23},"end":{"line":40,"column":24}},"loc":{"start":{"line":40,"column":43},"end":{"line":51,"column":5}},"line":40},"8":{"name":"(anonymous_8)","decl":{"start":{"line":46,"column":37},"end":{"line":46,"column":38}},"loc":{"start":{"line":46,"column":44},"end":{"line":46,"column":56}},"line":46},"9":{"name":"(anonymous_9)","decl":{"start":{"line":54,"column":2},"end":{"line":54,"column":3}},"loc":{"start":{"line":54,"column":22},"end":{"line":66,"column":3}},"line":54},"10":{"name":"(anonymous_10)","decl":{"start":{"line":55,"column":23},"end":{"line":55,"column":24}},"loc":{"start":{"line":55,"column":43},"end":{"line":65,"column":5}},"line":55},"11":{"name":"(anonymous_11)","decl":{"start":{"line":68,"column":2},"end":{"line":68,"column":3}},"loc":{"start":{"line":68,"column":20},"end":{"line":82,"column":3}},"line":68},"12":{"name":"(anonymous_12)","decl":{"start":{"line":69,"column":23},"end":{"line":69,"column":24}},"loc":{"start":{"line":69,"column":43},"end":{"line":81,"column":5}},"line":69},"13":{"name":"(anonymous_13)","decl":{"start":{"line":76,"column":37},"end":{"line":76,"column":38}},"loc":{"start":{"line":76,"column":44},"end":{"line":76,"column":50}},"line":76},"14":{"name":"(anonymous_14)","decl":{"start":{"line":84,"column":2},"end":{"line":84,"column":3}},"loc":{"start":{"line":84,"column":41},"end":{"line":98,"column":3}},"line":84},"15":{"name":"(anonymous_15)","decl":{"start":{"line":85,"column":23},"end":{"line":85,"column":24}},"loc":{"start":{"line":85,"column":43},"end":{"line":97,"column":5}},"line":85},"16":{"name":"(anonymous_16)","decl":{"start":{"line":100,"column":2},"end":{"line":100,"column":3}},"loc":{"start":{"line":100,"column":15},"end":{"line":173,"column":3}},"line":100},"17":{"name":"(anonymous_17)","decl":{"start":{"line":101,"column":23},"end":{"line":101,"column":24}},"loc":{"start":{"line":101,"column":43},"end":{"line":172,"column":5}},"line":101},"18":{"name":"(anonymous_18)","decl":{"start":{"line":175,"column":2},"end":{"line":175,"column":3}},"loc":{"start":{"line":175,"column":19},"end":{"line":190,"column":3}},"line":175},"19":{"name":"(anonymous_19)","decl":{"start":{"line":176,"column":23},"end":{"line":176,"column":24}},"loc":{"start":{"line":176,"column":43},"end":{"line":189,"column":5}},"line":176},"20":{"name":"(anonymous_20)","decl":{"start":{"line":184,"column":37},"end":{"line":184,"column":38}},"loc":{"start":{"line":184,"column":44},"end":{"line":184,"column":54}},"line":184},"21":{"name":"(anonymous_21)","decl":{"start":{"line":192,"column":2},"end":{"line":192,"column":3}},"loc":{"start":{"line":192,"column":12},"end":{"line":202,"column":3}},"line":192},"22":{"name":"(anonymous_22)","decl":{"start":{"line":193,"column":23},"end":{"line":193,"column":24}},"loc":{"start":{"line":193,"column":43},"end":{"line":201,"column":5}},"line":193},"23":{"name":"startOfStreak","decl":{"start":{"line":205,"column":9},"end":{"line":205,"column":22}},"loc":{"start":{"line":205,"column":68},"end":{"line":229,"column":1}},"line":205}},"branchMap":{"0":{"loc":{"start":{"line":110,"column":8},"end":{"line":168,"column":9}},"type":"if","locations":[{"start":{"line":110,"column":8},"end":{"line":168,"column":9}},{"start":{"line":112,"column":15},"end":{"line":168,"column":9}}],"line":110},"1":{"loc":{"start":{"line":115,"column":12},"end":{"line":116,"column":57}},"type":"binary-expr","locations":[{"start":{"line":115,"column":12},"end":{"line":115,"column":40}},{"start":{"line":116,"column":12},"end":{"line":116,"column":57}}],"line":115},"2":{"loc":{"start":{"line":123,"column":10},"end":{"line":127,"column":11}},"type":"if","locations":[{"start":{"line":123,"column":10},"end":{"line":127,"column":11}},{"start":{},"end":{}}],"line":123},"3":{"loc":{"start":{"line":136,"column":14},"end":{"line":138,"column":54}},"type":"binary-expr","locations":[{"start":{"line":136,"column":14},"end":{"line":136,"column":53}},{"start":{"line":137,"column":14},"end":{"line":138,"column":54}}],"line":136},"4":{"loc":{"start":{"line":144,"column":12},"end":{"line":148,"column":13}},"type":"if","locations":[{"start":{"line":144,"column":12},"end":{"line":148,"column":13}},{"start":{"line":146,"column":18},"end":{"line":148,"column":13}}],"line":144},"5":{"loc":{"start":{"line":144,"column":15},"end":{"line":144,"column":87}},"type":"binary-expr","locations":[{"start":{"line":144,"column":15},"end":{"line":144,"column":56}},{"start":{"line":144,"column":60},"end":{"line":144,"column":87}}],"line":144},"6":{"loc":{"start":{"line":156,"column":12},"end":{"line":158,"column":61}},"type":"binary-expr","locations":[{"start":{"line":156,"column":12},"end":{"line":156,"column":44}},{"start":{"line":157,"column":12},"end":{"line":158,"column":61}}],"line":156},"7":{"loc":{"start":{"line":163,"column":10},"end":{"line":165,"column":11}},"type":"if","locations":[{"start":{"line":163,"column":10},"end":{"line":165,"column":11}},{"start":{},"end":{}}],"line":163},"8":{"loc":{"start":{"line":213,"column":12},"end":{"line":215,"column":43}},"type":"binary-expr","locations":[{"start":{"line":213,"column":12},"end":{"line":213,"column":69}},{"start":{"line":214,"column":12},"end":{"line":215,"column":43}}],"line":213},"9":{"loc":{"start":{"line":222,"column":8},"end":{"line":226,"column":9}},"type":"if","locations":[{"start":{"line":222,"column":8},"end":{"line":226,"column":9}},{"start":{"line":224,"column":15},"end":{"line":226,"column":9}}],"line":222},"10":{"loc":{"start":{"line":228,"column":11},"end":{"line":228,"column":87}},"type":"cond-expr","locations":[{"start":{"line":228,"column":26},"end":{"line":228,"column":56}},{"start":{"line":228,"column":58},"end":{"line":228,"column":87}}],"line":228}},"s":{"0":6,"1":6,"2":24,"3":23,"4":23,"5":23,"6":3,"7":3,"8":3,"9":3,"10":8,"11":3,"12":0,"13":2,"14":2,"15":2,"16":2,"17":2,"18":0,"19":2,"20":2,"21":2,"22":2,"23":2,"24":2,"25":0,"26":6,"27":6,"28":6,"29":6,"30":5,"31":1,"32":3,"33":3,"34":3,"35":3,"36":3,"37":3,"38":0,"39":2,"40":2,"41":2,"42":2,"43":2,"44":0,"45":2,"46":2,"47":2,"48":2,"49":2,"50":2,"51":2,"52":1,"53":1,"54":1,"55":1,"56":1,"57":1,"58":1,"59":1,"60":1,"61":1,"62":1,"63":1,"64":1,"65":1,"66":1,"67":1,"68":1,"69":0,"70":0,"71":1,"72":1,"73":1,"74":0,"75":1,"76":1,"77":1,"78":1,"79":1,"80":1,"81":1,"82":1,"83":1,"84":0,"85":1,"86":1,"87":1,"88":1,"89":1,"90":1,"91":1,"92":1,"93":0,"94":3,"95":3,"96":3,"97":3,"98":3,"99":0,"100":2,"101":2,"102":2,"103":2,"104":2,"105":3,"106":3,"107":1,"108":1,"109":1,"110":3,"111":3,"112":2,"113":1,"114":2,"115":6},"f":{"0":24,"1":3,"2":3,"3":8,"4":2,"5":2,"6":2,"7":2,"8":2,"9":6,"10":6,"11":3,"12":3,"13":3,"14":2,"15":2,"16":2,"17":2,"18":1,"19":1,"20":1,"21":3,"22":3,"23":2},"b":{"0":[1,1],"1":[2,1],"2":[1,0],"3":[1,0],"4":[1,0],"5":[1,0],"6":[2,1],"7":[1,0],"8":[4,1],"9":[2,1],"10":[1,1]},"_coverageSchema":"1a1c01bbd47fc00a2c39e90264f33305004495a9","hash":"26ceed43bbea343a9a3be3be70ad38874044fb61"}
,"/server/models/Log.js": {"path":"/server/models/Log.js","statementMap":{"0":{"start":{"line":1,"column":11},"end":{"line":1,"column":39}},"1":{"start":{"line":5,"column":8},"end":{"line":5,"column":25}},"2":{"start":{"line":6,"column":8},"end":{"line":6,"column":29}},"3":{"start":{"line":7,"column":8},"end":{"line":7,"column":36}},"4":{"start":{"line":11,"column":8},"end":{"line":19,"column":10}},"5":{"start":{"line":12,"column":12},"end":{"line":18,"column":13}},"6":{"start":{"line":13,"column":29},"end":{"line":13,"column":66}},"7":{"start":{"line":14,"column":27},"end":{"line":14,"column":59}},"8":{"start":{"line":14,"column":48},"end":{"line":14,"column":58}},"9":{"start":{"line":15,"column":16},"end":{"line":15,"column":25}},"10":{"start":{"line":17,"column":16},"end":{"line":17,"column":52}},"11":{"start":{"line":23,"column":8},"end":{"line":31,"column":10}},"12":{"start":{"line":24,"column":12},"end":{"line":30,"column":13}},"13":{"start":{"line":25,"column":29},"end":{"line":25,"column":126}},"14":{"start":{"line":26,"column":26},"end":{"line":26,"column":49}},"15":{"start":{"line":27,"column":16},"end":{"line":27,"column":24}},"16":{"start":{"line":29,"column":16},"end":{"line":29,"column":49}},"17":{"start":{"line":35,"column":8},"end":{"line":43,"column":10}},"18":{"start":{"line":36,"column":12},"end":{"line":42,"column":13}},"19":{"start":{"line":37,"column":29},"end":{"line":37,"column":86}},"20":{"start":{"line":38,"column":26},"end":{"line":38,"column":49}},"21":{"start":{"line":39,"column":16},"end":{"line":39,"column":24}},"22":{"start":{"line":41,"column":16},"end":{"line":41,"column":53}},"23":{"start":{"line":47,"column":8},"end":{"line":54,"column":10}},"24":{"start":{"line":48,"column":12},"end":{"line":53,"column":13}},"25":{"start":{"line":49,"column":16},"end":{"line":49,"column":77}},"26":{"start":{"line":50,"column":16},"end":{"line":50,"column":38}},"27":{"start":{"line":52,"column":16},"end":{"line":52,"column":49}},"28":{"start":{"line":58,"column":0},"end":{"line":58,"column":20}}},"fnMap":{"0":{"name":"(anonymous_0)","decl":{"start":{"line":4,"column":4},"end":{"line":4,"column":5}},"loc":{"start":{"line":4,"column":21},"end":{"line":8,"column":5}},"line":4},"1":{"name":"(anonymous_1)","decl":{"start":{"line":10,"column":4},"end":{"line":10,"column":5}},"loc":{"start":{"line":10,"column":20},"end":{"line":20,"column":5}},"line":10},"2":{"name":"(anonymous_2)","decl":{"start":{"line":11,"column":27},"end":{"line":11,"column":28}},"loc":{"start":{"line":11,"column":47},"end":{"line":19,"column":9}},"line":11},"3":{"name":"(anonymous_3)","decl":{"start":{"line":14,"column":43},"end":{"line":14,"column":44}},"loc":{"start":{"line":14,"column":48},"end":{"line":14,"column":58}},"line":14},"4":{"name":"(anonymous_4)","decl":{"start":{"line":22,"column":4},"end":{"line":22,"column":5}},"loc":{"start":{"line":22,"column":36},"end":{"line":32,"column":5}},"line":22},"5":{"name":"(anonymous_5)","decl":{"start":{"line":23,"column":27},"end":{"line":23,"column":28}},"loc":{"start":{"line":23,"column":47},"end":{"line":31,"column":9}},"line":23},"6":{"name":"(anonymous_6)","decl":{"start":{"line":34,"column":4},"end":{"line":34,"column":5}},"loc":{"start":{"line":34,"column":23},"end":{"line":44,"column":5}},"line":34},"7":{"name":"(anonymous_7)","decl":{"start":{"line":35,"column":27},"end":{"line":35,"column":28}},"loc":{"start":{"line":35,"column":47},"end":{"line":43,"column":9}},"line":35},"8":{"name":"(anonymous_8)","decl":{"start":{"line":46,"column":4},"end":{"line":46,"column":5}},"loc":{"start":{"line":46,"column":13},"end":{"line":55,"column":5}},"line":46},"9":{"name":"(anonymous_9)","decl":{"start":{"line":47,"column":27},"end":{"line":47,"column":28}},"loc":{"start":{"line":47,"column":47},"end":{"line":54,"column":9}},"line":47}},"branchMap":{},"s":{"0":6,"1":15,"2":15,"3":15,"4":4,"5":4,"6":4,"7":4,"8":9,"9":4,"10":0,"11":2,"12":2,"13":2,"14":2,"15":2,"16":0,"17":2,"18":2,"19":2,"20":2,"21":2,"22":0,"23":2,"24":2,"25":2,"26":2,"27":0,"28":6},"f":{"0":15,"1":4,"2":4,"3":9,"4":2,"5":2,"6":2,"7":2,"8":2,"9":2},"b":{},"_coverageSchema":"1a1c01bbd47fc00a2c39e90264f33305004495a9","hash":"3ae21a0f574e7f1ebdba8464e6e3aead8ff6689d"}
,"/server/models/User.js": {"path":"/server/models/User.js","statementMap":{"0":{"start":{"line":1,"column":11},"end":{"line":1,"column":39}},"1":{"start":{"line":2,"column":14},"end":{"line":2,"column":32}},"2":{"start":{"line":6,"column":8},"end":{"line":6,"column":25}},"3":{"start":{"line":7,"column":8},"end":{"line":7,"column":37}},"4":{"start":{"line":8,"column":8},"end":{"line":8,"column":50}},"5":{"start":{"line":12,"column":8},"end":{"line":20,"column":10}},"6":{"start":{"line":13,"column":12},"end":{"line":19,"column":13}},"7":{"start":{"line":14,"column":29},"end":{"line":14,"column":67}},"8":{"start":{"line":15,"column":28},"end":{"line":15,"column":61}},"9":{"start":{"line":15,"column":49},"end":{"line":15,"column":60}},"10":{"start":{"line":16,"column":16},"end":{"line":16,"column":26}},"11":{"start":{"line":18,"column":16},"end":{"line":18,"column":53}},"12":{"start":{"line":24,"column":8},"end":{"line":32,"column":10}},"13":{"start":{"line":25,"column":12},"end":{"line":31,"column":13}},"14":{"start":{"line":26,"column":29},"end":{"line":26,"column":143}},"15":{"start":{"line":27,"column":27},"end":{"line":27,"column":51}},"16":{"start":{"line":28,"column":16},"end":{"line":28,"column":25}},"17":{"start":{"line":30,"column":16},"end":{"line":30,"column":50}},"18":{"start":{"line":36,"column":8},"end":{"line":44,"column":10}},"19":{"start":{"line":37,"column":12},"end":{"line":43,"column":13}},"20":{"start":{"line":38,"column":29},"end":{"line":38,"column":99}},"21":{"start":{"line":39,"column":27},"end":{"line":39,"column":51}},"22":{"start":{"line":40,"column":16},"end":{"line":40,"column":25}},"23":{"start":{"line":42,"column":16},"end":{"line":42,"column":52}},"24":{"start":{"line":72,"column":0},"end":{"line":72,"column":21}}},"fnMap":{"0":{"name":"(anonymous_0)","decl":{"start":{"line":5,"column":4},"end":{"line":5,"column":5}},"loc":{"start":{"line":5,"column":21},"end":{"line":9,"column":5}},"line":5},"1":{"name":"(anonymous_1)","decl":{"start":{"line":11,"column":4},"end":{"line":11,"column":5}},"loc":{"start":{"line":11,"column":20},"end":{"line":21,"column":5}},"line":11},"2":{"name":"(anonymous_2)","decl":{"start":{"line":12,"column":27},"end":{"line":12,"column":28}},"loc":{"start":{"line":12,"column":47},"end":{"line":20,"column":9}},"line":12},"3":{"name":"(anonymous_3)","decl":{"start":{"line":15,"column":44},"end":{"line":15,"column":45}},"loc":{"start":{"line":15,"column":49},"end":{"line":15,"column":60}},"line":15},"4":{"name":"(anonymous_4)","decl":{"start":{"line":23,"column":4},"end":{"line":23,"column":5}},"loc":{"start":{"line":23,"column":41},"end":{"line":33,"column":5}},"line":23},"5":{"name":"(anonymous_5)","decl":{"start":{"line":24,"column":27},"end":{"line":24,"column":28}},"loc":{"start":{"line":24,"column":47},"end":{"line":32,"column":9}},"line":24},"6":{"name":"(anonymous_6)","decl":{"start":{"line":35,"column":4},"end":{"line":35,"column":5}},"loc":{"start":{"line":35,"column":35},"end":{"line":45,"column":5}},"line":35},"7":{"name":"(anonymous_7)","decl":{"start":{"line":36,"column":27},"end":{"line":36,"column":28}},"loc":{"start":{"line":36,"column":47},"end":{"line":44,"column":9}},"line":36}},"branchMap":{},"s":{"0":6,"1":6,"2":7,"3":7,"4":7,"5":2,"6":2,"7":2,"8":2,"9":5,"10":2,"11":0,"12":1,"13":1,"14":1,"15":1,"16":1,"17":0,"18":1,"19":1,"20":1,"21":1,"22":1,"23":0,"24":6},"f":{"0":7,"1":2,"2":2,"3":5,"4":1,"5":1,"6":1,"7":1},"b":{},"_coverageSchema":"1a1c01bbd47fc00a2c39e90264f33305004495a9","hash":"6afa3fe2e203accf352b1d6e0ac18a3f81052f48"}
}
