TN:
SF:server.js
FN:18,(anonymous_0)
FNF:1
FNH:0
FNDA:0,(anonymous_0)
DA:1,6
DA:2,6
DA:4,6
DA:5,6
DA:6,6
DA:8,6
DA:9,6
DA:10,6
DA:11,6
DA:13,6
DA:14,6
DA:15,6
DA:16,6
DA:18,6
DA:20,6
LF:15
LH:15
BRF:0
BRH:0
end_of_record
TN:
SF:controllers/auth.js
FN:11,(anonymous_0)
FN:22,(anonymous_1)
FN:29,(anonymous_2)
FNF:3
FNH:0
FNDA:0,(anonymous_0)
FNDA:0,(anonymous_1)
FNDA:0,(anonymous_2)
DA:1,6
DA:3,6
DA:4,6
DA:6,6
DA:7,6
DA:9,6
DA:11,6
DA:12,0
DA:13,0
DA:14,0
DA:15,0
DA:16,0
DA:18,0
DA:22,6
DA:23,0
DA:24,0
DA:25,0
DA:26,0
DA:27,0
DA:28,0
DA:29,0
DA:30,0
DA:31,0
DA:36,0
DA:38,0
DA:41,0
DA:42,0
DA:46,6
LF:28
LH:9
BRDA:25,0,0,0
BRDA:25,0,1,0
BRDA:27,1,0,0
BRDA:27,1,1,0
BRDA:30,2,0,0
BRDA:30,2,1,0
BRF:6
BRH:0
end_of_record
TN:
SF:controllers/habits.js
FN:10,(anonymous_0)
FN:20,(anonymous_1)
FN:31,(anonymous_2)
FN:41,(anonymous_3)
FN:52,(anonymous_4)
FN:62,(anonymous_5)
FN:71,(anonymous_6)
FN:81,(anonymous_7)
FNF:8
FNH:8
FNDA:2,(anonymous_0)
FNDA:2,(anonymous_1)
FNDA:1,(anonymous_2)
FNDA:1,(anonymous_3)
FNDA:1,(anonymous_4)
FNDA:1,(anonymous_5)
FNDA:1,(anonymous_6)
FNDA:1,(anonymous_7)
DA:1,6
DA:2,6
DA:4,6
DA:7,6
DA:10,6
DA:11,2
DA:12,2
DA:13,2
DA:15,0
DA:20,6
DA:21,2
DA:22,2
DA:23,1
DA:25,1
DA:31,6
DA:32,1
DA:33,1
DA:34,1
DA:36,0
DA:41,6
DA:42,1
DA:43,1
DA:44,1
DA:46,0
DA:52,6
DA:53,1
DA:54,1
DA:55,1
DA:56,1
DA:58,0
DA:62,6
DA:63,1
DA:64,1
DA:65,1
DA:67,0
DA:71,6
DA:72,1
DA:73,1
DA:74,1
DA:75,1
DA:77,0
DA:81,6
DA:82,1
DA:83,1
DA:84,1
DA:85,1
DA:86,1
DA:88,0
DA:92,6
LF:49
LH:42
BRF:0
BRH:0
end_of_record
TN:
SF:controllers/logs.js
FN:9,(anonymous_0)
FN:19,(anonymous_1)
FN:29,(anonymous_2)
FNF:3
FNH:3
FNDA:3,(anonymous_0)
FNDA:1,(anonymous_1)
FNDA:1,(anonymous_2)
DA:1,6
DA:2,6
DA:4,6
DA:6,6
DA:9,6
DA:10,3
DA:11,3
DA:12,3
DA:14,0
DA:19,6
DA:20,1
DA:21,1
DA:22,1
DA:24,0
DA:29,6
DA:30,1
DA:31,1
DA:32,1
DA:33,1
DA:35,0
DA:39,6
LF:21
LH:18
BRF:0
BRH:0
end_of_record
TN:
SF:controllers/users.js
FN:9,(anonymous_0)
FNF:1
FNH:1
FNDA:1,(anonymous_0)
DA:1,6
DA:2,6
DA:4,6
DA:6,6
DA:9,6
DA:10,1
DA:11,1
DA:12,1
DA:14,0
DA:18,6
LF:10
LH:9
BRF:0
BRH:0
end_of_record
TN:
SF:db_config/init.js
FNF:0
FNH:0
DA:1,6
DA:3,6
DA:5,6
LF:3
LH:3
BRF:0
BRH:0
end_of_record
TN:
SF:middleware/auth.js
FN:4,verifyToken
FNF:1
FNH:1
FNDA:16,verifyToken
DA:1,6
DA:19,16
DA:21,6
LF:3
LH:3
BRF:0
BRH:0
end_of_record
TN:
SF:models/Habit.js
FN:5,(anonymous_0)
FN:12,(anonymous_1)
FN:13,(anonymous_2)
FN:16,(anonymous_3)
FN:24,(anonymous_4)
FN:25,(anonymous_5)
FN:39,(anonymous_6)
FN:40,(anonymous_7)
FN:46,(anonymous_8)
FN:54,(anonymous_9)
FN:55,(anonymous_10)
FN:68,(anonymous_11)
FN:69,(anonymous_12)
FN:76,(anonymous_13)
FN:84,(anonymous_14)
FN:85,(anonymous_15)
FN:100,(anonymous_16)
FN:101,(anonymous_17)
FN:175,(anonymous_18)
FN:176,(anonymous_19)
FN:184,(anonymous_20)
FN:192,(anonymous_21)
FN:193,(anonymous_22)
FN:205,startOfStreak
FNF:24
FNH:24
FNDA:24,(anonymous_0)
FNDA:3,(anonymous_1)
FNDA:3,(anonymous_2)
FNDA:8,(anonymous_3)
FNDA:2,(anonymous_4)
FNDA:2,(anonymous_5)
FNDA:2,(anonymous_6)
FNDA:2,(anonymous_7)
FNDA:2,(anonymous_8)
FNDA:6,(anonymous_9)
FNDA:6,(anonymous_10)
FNDA:3,(anonymous_11)
FNDA:3,(anonymous_12)
FNDA:3,(anonymous_13)
FNDA:2,(anonymous_14)
FNDA:2,(anonymous_15)
FNDA:2,(anonymous_16)
FNDA:2,(anonymous_17)
FNDA:1,(anonymous_18)
FNDA:1,(anonymous_19)
FNDA:1,(anonymous_20)
FNDA:3,(anonymous_21)
FNDA:3,(anonymous_22)
FNDA:2,startOfStreak
DA:1,6
DA:2,6
DA:6,24
DA:7,23
DA:8,23
DA:9,23
DA:13,3
DA:14,3
DA:15,3
DA:16,8
DA:17,3
DA:19,0
DA:25,2
DA:26,2
DA:27,2
DA:31,2
DA:32,2
DA:34,0
DA:40,2
DA:41,2
DA:42,2
DA:46,2
DA:47,2
DA:49,0
DA:55,6
DA:56,6
DA:57,6
DA:60,6
DA:61,5
DA:63,1
DA:69,3
DA:70,3
DA:71,3
DA:76,3
DA:77,3
DA:79,0
DA:85,2
DA:86,2
DA:87,2
DA:92,2
DA:93,2
DA:95,0
DA:101,2
DA:102,2
DA:103,2
DA:105,2
DA:106,2
DA:107,2
DA:110,2
DA:111,1
DA:113,1
DA:114,1
DA:118,1
DA:119,1
DA:122,1
DA:123,1
DA:124,1
DA:125,1
DA:126,1
DA:128,1
DA:130,1
DA:131,1
DA:132,1
DA:133,1
DA:134,1
DA:135,1
DA:140,0
DA:141,0
DA:143,1
DA:144,1
DA:145,1
DA:147,0
DA:151,1
DA:154,1
DA:155,1
DA:160,1
DA:161,1
DA:163,1
DA:164,1
DA:166,1
DA:167,1
DA:170,0
DA:176,1
DA:177,1
DA:178,1
DA:179,1
DA:180,1
DA:184,1
DA:185,1
DA:187,0
DA:193,3
DA:194,3
DA:195,3
DA:196,3
DA:197,3
DA:199,0
DA:206,2
DA:207,2
DA:208,2
DA:209,2
DA:210,2
DA:211,3
DA:212,3
DA:217,1
DA:218,1
DA:219,1
DA:221,3
DA:222,3
DA:223,2
DA:225,1
DA:228,2
DA:231,6
LF:112
LH:101
BRDA:110,0,0,1
BRDA:110,0,1,1
BRDA:115,1,0,2
BRDA:115,1,1,1
BRDA:123,2,0,1
BRDA:123,2,1,0
BRDA:136,3,0,1
BRDA:136,3,1,0
BRDA:144,4,0,1
BRDA:144,4,1,0
BRDA:144,5,0,1
BRDA:144,5,1,0
BRDA:156,6,0,2
BRDA:156,6,1,1
BRDA:163,7,0,1
BRDA:163,7,1,0
BRDA:213,8,0,4
BRDA:213,8,1,1
BRDA:222,9,0,2
BRDA:222,9,1,1
BRDA:228,10,0,1
BRDA:228,10,1,1
BRF:22
BRH:17
end_of_record
TN:
SF:models/Log.js
FN:4,(anonymous_0)
FN:10,(anonymous_1)
FN:11,(anonymous_2)
FN:14,(anonymous_3)
FN:22,(anonymous_4)
FN:23,(anonymous_5)
FN:34,(anonymous_6)
FN:35,(anonymous_7)
FN:46,(anonymous_8)
FN:47,(anonymous_9)
FNF:10
FNH:10
FNDA:15,(anonymous_0)
FNDA:4,(anonymous_1)
FNDA:4,(anonymous_2)
FNDA:9,(anonymous_3)
FNDA:2,(anonymous_4)
FNDA:2,(anonymous_5)
FNDA:2,(anonymous_6)
FNDA:2,(anonymous_7)
FNDA:2,(anonymous_8)
FNDA:2,(anonymous_9)
DA:1,6
DA:5,15
DA:6,15
DA:7,15
DA:11,4
DA:12,4
DA:13,4
DA:14,9
DA:15,4
DA:17,0
DA:23,2
DA:24,2
DA:25,2
DA:26,2
DA:27,2
DA:29,0
DA:35,2
DA:36,2
DA:37,2
DA:38,2
DA:39,2
DA:41,0
DA:47,2
DA:48,2
DA:49,2
DA:50,2
DA:52,0
DA:58,6
LF:28
LH:24
BRF:0
BRH:0
end_of_record
TN:
SF:models/User.js
FN:5,(anonymous_0)
FN:11,(anonymous_1)
FN:12,(anonymous_2)
FN:15,(anonymous_3)
FN:23,(anonymous_4)
FN:24,(anonymous_5)
FN:35,(anonymous_6)
FN:36,(anonymous_7)
FNF:8
FNH:8
FNDA:7,(anonymous_0)
FNDA:2,(anonymous_1)
FNDA:2,(anonymous_2)
FNDA:5,(anonymous_3)
FNDA:1,(anonymous_4)
FNDA:1,(anonymous_5)
FNDA:1,(anonymous_6)
FNDA:1,(anonymous_7)
DA:1,6
DA:2,6
DA:6,7
DA:7,7
DA:8,7
DA:12,2
DA:13,2
DA:14,2
DA:15,5
DA:16,2
DA:18,0
DA:24,1
DA:25,1
DA:26,1
DA:27,1
DA:28,1
DA:30,0
DA:36,1
DA:37,1
DA:38,1
DA:39,1
DA:40,1
DA:42,0
DA:72,6
LF:24
LH:21
BRF:0
BRH:0
end_of_record
